2015-06-04 15:10:30.2731 TRACE Callback: Created [c16f3ced-ba4d-4bb6-8f49-adb7cc906880]
2015-06-04 15:10:33.5242 TRACE Callback: Created [23f3ad1d-69a2-4a00-90e0-532bb8d44958]
2015-06-04 15:13:30.5697 TRACE Callback: Created [2a658c57-4e4e-4877-9f98-25bd49b9a4be]
2015-06-04 15:13:42.3336 TRACE Callback: Created [1a1c45da-d47f-48fb-9363-58cb2ee60c71]
2015-06-04 15:13:43.1035 TRACE Callback: Created [b0bfe7b1-8b53-48eb-a1c0-1e25995a4289]
2015-06-04 15:13:43.6314 TRACE Callback: Created [0a2afc2c-9a17-44e2-80fd-749e9e46b869]
2015-06-04 15:13:45.4436 TRACE Callback: Created [0ce9d5ad-6f20-441f-a00a-769c7758ef5c]
2015-06-04 15:15:32.1689 TRACE Callback: Created [3768b102-026b-4503-95d8-351663579e6d]
2015-06-04 15:15:47.3137 TRACE Callback: Created [dd5839ba-5a88-414d-b583-8ccfc607616f]
2015-06-04 15:23:38.5467 TRACE Callback: Created [6cf8474d-f8fd-4a32-b867-06def2655dba]
2015-06-04 15:23:39.8216 TRACE Callback: Created [c062d17f-e71c-4b6e-bc0c-018eb5a409bd]
2015-06-04 15:27:21.9884 TRACE Callback: Created [a362ce15-0947-4c47-9e28-d02c85da5b3f]
2015-06-04 15:35:44.8576 TRACE Callback: Created [5b30969b-734c-4ce8-b93e-1ed1cbe25d33]
2015-06-04 15:35:46.3005 TRACE Callback: Created [ebc8d56e-7403-443e-9c4f-9aec68aa6db3]
2015-06-04 15:35:47.1766 TRACE Callback: Created [f32552f9-f23f-41bc-b272-82ba4be26273]
2015-06-04 15:35:47.9089 TRACE Callback: Created [e4f7e299-5642-4e15-b67f-01bbd724ecf0]
2015-06-04 15:35:48.0733 TRACE Callback: Created [7bdda097-236a-4728-99fb-dd0faad5de56]
2015-06-04 15:35:48.2396 TRACE Callback: Created [366f54a4-20ea-478c-b764-c512aef29b53]
2015-06-04 15:35:48.3819 TRACE Callback: Created [50eca8cc-2909-4eb0-bd23-87ecee841f46]
2015-06-04 15:35:48.5352 TRACE Callback: Created [05b674cf-ab6c-4857-9dcf-2dd32e2f4557]
2015-06-04 15:35:48.6845 TRACE Callback: Created [7f734193-3ff7-4a63-99c3-2e7bc7f156ab]
2015-06-04 15:35:48.8177 TRACE Callback: Created [ab36fb1e-afd4-4cc7-a68a-014d5a50d090]
2015-06-04 15:35:48.9741 TRACE Callback: Created [c7c91471-68d9-4dc4-b026-0263ceb7c45a]
2015-06-04 15:35:49.1083 TRACE Callback: Created [6966daba-adc6-4817-b83c-e8640def34be]
2015-06-04 15:35:49.2516 TRACE Callback: Created [10bc77de-9786-4354-82d9-e1f8d8a13272]
2015-06-04 15:35:49.3950 TRACE Callback: Created [7e6b9daf-23d5-43c1-b8fa-cbb4c7a17c8a]
2015-06-04 15:35:49.5296 TRACE Callback: Created [9cd52dcc-8ec9-4120-aa22-36dbbe44e069]
2015-06-04 15:35:49.6947 TRACE Callback: Created [fd588c72-8ce3-4fa3-883b-e5a234f89d30]
2015-06-04 15:35:49.8317 TRACE Callback: Created [bc8ee348-ecd0-4caa-8569-7a83cf8d018e]
2015-06-04 15:35:59.9082 TRACE Callback: Created [4e1b06cb-e1e2-4b9a-8d6c-504673b6ffd5]
2015-06-04 15:36:00.6793 TRACE Callback: Created [b055936c-b1da-43b9-9b8a-83d7af8e44fc]
2015-06-04 15:36:01.3211 TRACE Callback: Created [a22e98f0-49cc-452d-82e9-dbd402c7fce2]
2015-06-04 15:36:02.0371 TRACE Callback: Created [98874dd8-e0fa-42df-8e19-b0dce027961b]
2015-06-04 15:39:57.1076 TRACE Callback: Created [28b33487-9a2c-4f4e-bed0-c88b22c7294d]
2015-06-04 15:40:29.1400 TRACE Callback: Created [d5a5fe1a-3e83-4588-ac14-f1b690f424e7]
2015-06-04 15:42:29.1480 TRACE Callback: Created [48389fe2-a7c9-424f-b7a7-2294a17ecd0b]
2015-06-04 15:43:05.4098 TRACE Callback: Created [ddf9bc4c-946d-41a5-baf8-2e8535e29a89]
2015-06-04 15:43:06.8923 TRACE Callback: Created [12172525-38a5-4bd5-ad08-a5842b6260af]
2015-06-04 15:43:36.2622 TRACE Callback: Created [a4c67334-97ae-40a8-9b55-2ee3c450e330]
2015-06-04 15:43:38.7678 TRACE Callback: Created [7f92ab88-1120-489e-9f8a-beed5146182f]
2015-06-04 15:43:40.1294 TRACE Callback: Created [2fd96586-9dbf-43f9-99b9-99f1b65b63bd]
2015-06-04 15:43:40.8685 TRACE Callback: Created [2a6ff354-f3dd-4e6f-abb0-a6773215fdb8]
2015-06-04 15:43:41.3394 TRACE Callback: Created [6eb262ca-3d0f-4343-82c1-dc8560799c3e]
2015-06-04 15:43:41.8071 TRACE Callback: Created [e46e0c14-445e-449f-8ef6-38e2333c44d8]
2015-06-04 15:43:42.2137 TRACE Callback: Created [2d82f2fb-54d1-4992-bcfc-680160b1afa7]
2015-06-04 15:43:42.6224 TRACE Callback: Created [01cdabfa-f966-4dfd-a85d-22151471c3a9]
2015-06-04 15:43:42.9953 TRACE Callback: Created [17a7e2c7-a77a-40eb-b556-e5ad4a233307]
2015-06-04 15:43:43.3829 TRACE Callback: Created [ee9f9514-7cae-4fe2-ba87-e306d1f56f6e]
2015-06-04 15:43:43.7339 TRACE Callback: Created [172f0451-d591-49e3-ba14-2aee91a70aaa]
2015-06-04 15:43:44.1681 TRACE Callback: Created [a669ec73-5fbb-4e57-92a4-17b1432d3952]
2015-06-04 15:45:20.4669 TRACE Callback: Created [20fcfd95-07e8-4be2-924d-45e6da5748e2]
2015-06-04 15:45:22.7582 TRACE Callback: Created [2ed05f0c-a2c9-4e8e-bed4-226f02694947]
2015-06-04 15:45:23.9339 TRACE Callback: Created [8b03e29f-03d3-43da-ad4c-8302fb3bb0de]
2015-06-04 15:45:24.6806 TRACE Callback: Created [14c3f5b7-8432-4289-b8ea-f94cb5f075da]
2015-06-04 15:45:25.3384 TRACE Callback: Created [bf2e15d2-8f0d-4373-adf3-ce39c9aa1dc7]
2015-06-04 15:45:25.9191 TRACE Callback: Created [9b1f84f4-4cf9-4701-932e-45415b1bc5bd]
2015-06-04 15:45:36.2556 TRACE Callback: Created [5801c797-fb8b-47a5-85e0-8199ca41f931]
2015-06-04 15:59:54.7464 TRACE Callback: Created [5215fdaf-f574-4e0d-acac-85ea95b7a879]
2015-06-04 17:02:58.3274 TRACE Callback: Created [6b4f720c-5791-4930-86c2-d3e948781dab]
2015-06-04 17:06:54.3972 TRACE Callback: Created [ce7c80b5-2a91-4ed2-9eb5-b79b212630dc]
2015-06-04 17:07:17.6742 TRACE Callback: Created [89d79483-61e4-400d-8140-7928a28a84ab]
2015-06-04 17:08:55.6882 TRACE Callback: Created [ad56458d-1dfc-4b5f-9369-c68fc7b49504]
2015-06-04 17:09:16.4133 TRACE Callback: Created [46ad2a6a-d0a0-4697-a99f-96e2ba90ea98]
2015-06-04 17:10:37.6178 TRACE Callback: Created [acf43b36-0f23-4056-9bbd-79a6e65555fd]
2015-06-04 17:15:41.7829 TRACE Callback: Created [1f009acb-ed7b-4bd3-9c3c-722a6fc1da89]
2015-06-04 17:15:57.0861 TRACE Callback: Created [8a1432fc-bbe3-42f3-8d6b-55469936c078]
2015-06-04 17:17:53.4992 TRACE Callback: Created [1e93c684-27e1-46b9-92bc-1c5ef12c10fc]
2015-06-04 17:18:29.2594 TRACE Callback: Created [a007075b-ccbf-4d60-b893-a6109605ab15]
2015-06-04 17:20:16.5613 TRACE Callback: Created [7d7e4872-a034-4dea-8996-1d12edc6cd1c]
2015-06-04 17:22:16.0506 TRACE Callback: Created [47030df7-4356-4a14-a792-37ebc99e4e4e]
2015-06-04 17:23:18.0172 TRACE Callback: Created [2d88c09c-4f21-4af5-b53d-69f44394522e]
2015-06-04 17:23:57.3663 TRACE Callback: Created [fcbb302a-2249-4ebc-b430-f4ec0b8f7d76]
2015-06-04 17:26:07.2945 TRACE Callback: Created [4d1c80e6-efbc-420a-b1eb-8d911f889be9]
2015-06-04 17:27:30.1402 TRACE Callback: Created [7e22216c-a6bf-48fe-b5b3-915dfddc60a5]
2015-06-04 17:28:11.6699 TRACE Callback: Created [13df9e93-03bf-4728-aa6c-e240981d96a6]
2015-06-04 17:28:56.5377 TRACE Callback: Created [26b3ef4f-7e9f-460a-9be6-1e361877fd1e]
2015-06-04 17:28:57.4416 TRACE Callback: Created [a333d635-ea8f-4ed2-9a3b-a4fc440b9b75]
2015-06-04 17:29:46.0058 TRACE Callback: Created [5cf23646-8cca-4549-b912-b9e5bfceb6f3]
2015-06-04 17:29:46.5708 TRACE Callback: Created [52eb298e-fae9-4135-8bf4-b88cfd74bbe7]
2015-06-04 17:33:23.4355 TRACE Callback: Created [97f78a11-44a2-49ce-9fc3-5c7f9b6b94a6]
2015-06-04 17:35:24.5956 TRACE Callback: Created [58ac8be5-e483-4b23-bed0-fb917e1f4569]
2015-06-04 17:35:50.1620 TRACE Callback: Created [1191d1e3-7a4a-42e0-8eda-a7ad5fd79757]
2015-06-04 17:40:36.8987 TRACE Callback: Created [6c995a0e-8acf-4bc0-922d-f83b7781a86b]
2015-06-04 17:40:36.9117 TRACE Callback: Created [1b308c64-b0dc-447d-b95b-e31d9e253be4]
2015-06-04 17:49:26.7711 TRACE Callback: Created [1afc33c5-a7dd-4fe5-bc37-203d8c8aaf3d]
2015-06-04 17:50:06.7771 TRACE Callback: Created [ecf8a0eb-9a58-46b9-861f-cbb02e0272df]
2015-06-04 17:52:39.8687 TRACE Callback: Created [2f215708-c641-4370-8354-a111ebac5e5f]
2015-06-04 17:53:07.7699 TRACE Callback: Created [fd0eab4b-5c85-434c-8007-75a593870c4d]
2015-06-04 17:53:33.5284 TRACE Callback: Created [021e0407-bb13-468e-9b2b-1def35b9b33b]
2015-06-04 17:53:34.3667 TRACE Callback: Created [022eed61-d560-457f-8a53-b569fa40faa0]
2015-06-04 17:54:18.8465 TRACE Callback: Created [3ea2f7a0-b9c6-4837-83e4-fb32ed7143ec]
2015-06-04 17:54:50.9510 TRACE Callback: Created [e164f30c-201b-40d8-b940-8ae70ce4f464]
2015-06-04 18:01:42.8753 TRACE Callback: Created [b05429c0-862d-406d-a356-91c1fcb0dc4c]
2015-06-04 18:01:48.0148 TRACE Callback: Created [c7af49c9-be4b-49e2-baeb-fc152ee277e1]
2015-06-04 18:01:59.8455 TRACE Callback: Created [4f141133-3539-4cdb-a139-58433eb9f594]
2015-06-04 18:03:36.7801 TRACE Callback: Created [49eb86e6-4e2a-46e5-aeff-f0772a146a8a]
2015-06-04 18:04:51.4726 TRACE Callback: Created [2b2582b8-7ba2-4fc0-9506-adf32559aa58]
2015-06-04 18:27:45.4046 TRACE 6/4/2015 6:27:45 PM	10	WcfService Starting...
2015-06-04 18:27:46.1234 TRACE 6/4/2015 6:27:46 PM	10	WcfService Running...
2015-06-04 18:27:51.4715 TRACE 6/4/2015 6:27:51 PM	19	GetValueSynchronously
2015-06-04 18:27:51.4715 TRACE 6/4/2015 6:27:51 PM	19	Callback: ADD[da8547ed-7327-46ff-8112-0f4d272a525e]
2015-06-04 18:27:58.0067 TRACE 6/4/2015 6:27:58 PM	19	GetValueAsynchronously
2015-06-04 18:28:00.5184 TRACE 6/4/2015 6:28:00 PM	20	ThreadTimerCallback
