2015-06-05 09:35:02.5245 TRACE 6/5/2015 9:35:02 AM	9	WcfService Starting...
2015-06-05 09:35:03.3876 TRACE 6/5/2015 9:35:03 AM	9	WcfService Running...
2015-06-05 09:35:08.5614 TRACE 6/5/2015 9:35:08 AM	16	GetValueSynchronously
2015-06-05 09:35:08.5614 TRACE 6/5/2015 9:35:08 AM	16	Callback: ADD[f9065b22-015a-425d-81d6-dd1e53eb4638]
2015-06-05 09:35:12.6536 TRACE 6/5/2015 9:35:12 AM	16	GetValueSynchronously
2015-06-05 09:35:17.6982 TRACE 6/5/2015 9:35:17 AM	19	ThreadTimerCallback
2015-06-05 09:35:19.5795 TRACE 6/5/2015 9:35:19 AM	17	GetValueSynchronously
2015-06-05 09:35:32.7105 TRACE 6/5/2015 9:35:32 AM	19	ThreadTimerCallback
2015-06-05 09:35:47.7201 TRACE 6/5/2015 9:35:47 AM	19	ThreadTimerCallback
2015-06-05 09:35:47.7261 TRACE 6/5/2015 9:35:47 AM	19	Callback: DROP[f9065b22-015a-425d-81d6-dd1e53eb4638]
2015-06-05 09:36:02.7352 TRACE 6/5/2015 9:36:02 AM	19	ThreadTimerCallback
2015-06-05 09:36:17.7402 TRACE 6/5/2015 9:36:17 AM	19	ThreadTimerCallback
2015-06-05 09:36:32.7456 TRACE 6/5/2015 9:36:32 AM	19	ThreadTimerCallback
2015-06-05 09:36:47.7500 TRACE 6/5/2015 9:36:47 AM	19	ThreadTimerCallback
2015-06-05 09:37:02.7560 TRACE 6/5/2015 9:37:02 AM	19	ThreadTimerCallback
2015-06-05 09:37:17.7625 TRACE 6/5/2015 9:37:17 AM	19	ThreadTimerCallback
2015-06-05 09:37:32.7686 TRACE 6/5/2015 9:37:32 AM	19	ThreadTimerCallback
2015-06-05 09:37:47.7736 TRACE 6/5/2015 9:37:47 AM	19	ThreadTimerCallback
2015-06-05 09:38:02.7821 TRACE 6/5/2015 9:38:02 AM	19	ThreadTimerCallback
2015-06-05 09:38:17.7863 TRACE 6/5/2015 9:38:17 AM	19	ThreadTimerCallback
2015-06-05 09:38:32.8012 TRACE 6/5/2015 9:38:32 AM	19	ThreadTimerCallback
2015-06-05 09:38:47.8066 TRACE 6/5/2015 9:38:47 AM	19	ThreadTimerCallback
2015-06-05 09:39:02.8123 TRACE 6/5/2015 9:39:02 AM	19	ThreadTimerCallback
2015-06-05 09:39:17.8161 TRACE 6/5/2015 9:39:17 AM	19	ThreadTimerCallback
2015-06-05 09:39:32.8192 TRACE 6/5/2015 9:39:32 AM	19	ThreadTimerCallback
2015-06-05 09:39:47.8234 TRACE 6/5/2015 9:39:47 AM	19	ThreadTimerCallback
2015-06-05 09:40:02.8281 TRACE 6/5/2015 9:40:02 AM	19	ThreadTimerCallback
2015-06-05 09:40:17.8351 TRACE 6/5/2015 9:40:17 AM	19	ThreadTimerCallback
2015-06-05 09:40:32.8410 TRACE 6/5/2015 9:40:32 AM	19	ThreadTimerCallback
2015-06-05 09:40:47.8446 TRACE 6/5/2015 9:40:47 AM	19	ThreadTimerCallback
2015-06-05 09:41:02.8504 TRACE 6/5/2015 9:41:02 AM	19	ThreadTimerCallback
2015-06-05 09:41:17.8565 TRACE 6/5/2015 9:41:17 AM	19	ThreadTimerCallback
2015-06-05 09:41:32.8621 TRACE 6/5/2015 9:41:32 AM	19	ThreadTimerCallback
2015-06-05 09:41:47.8670 TRACE 6/5/2015 9:41:47 AM	19	ThreadTimerCallback
2015-06-05 09:42:02.8731 TRACE 6/5/2015 9:42:02 AM	19	ThreadTimerCallback
2015-06-05 09:42:17.8787 TRACE 6/5/2015 9:42:17 AM	19	ThreadTimerCallback
2015-06-05 09:42:32.8836 TRACE 6/5/2015 9:42:32 AM	19	ThreadTimerCallback
2015-06-05 09:42:47.8891 TRACE 6/5/2015 9:42:47 AM	19	ThreadTimerCallback
2015-06-05 09:43:02.8941 TRACE 6/5/2015 9:43:02 AM	19	ThreadTimerCallback
2015-06-05 10:53:05.7980 TRACE 6/5/2015 10:53:05 AM	9	WcfService Starting...
2015-06-05 10:53:06.4850 TRACE 6/5/2015 10:53:06 AM	9	WcfService Running...
